-------------------------------------------------------------------------------
Test set: TestSuite
-------------------------------------------------------------------------------
Tests run: 3, Failures: 1, Errors: 0, Skipped: 1, Time elapsed: 5.56 s <<< FAILURE! - in TestSuite
com.tests.LoginTest.test02  Time elapsed: 0.007 s  <<< FAILURE!
java.lang.AssertionError: expected [JavaByKiran | Dashboard] but found [JavaByKiran | Log in]
	at com.tests.LoginTest.test02(LoginTest.java:30)

