<?xml version="1.0" encoding="UTF-8"?>
<!-- Generated by org.testng.reporters.JUnitXMLReporter -->
<testsuite hostname="DESKTOP-53PPSM5" ignored="0" name="Test" tests="3" failures="1" timestamp="13 Feb 2022 03:26:29 GMT" time="0.053" errors="0">
  <testcase name="test01" time="0.025" classname="com.tests.LoginTest"/>
  <testcase name="test02" time="0.004" classname="com.tests.LoginTest">
    <failure type="java.lang.AssertionError" message="expected [JavaByKiran | Dashboard] but found [JavaByKiran | Log in]">
      <![CDATA[java.lang.AssertionError: expected [JavaByKiran | Dashboard] but found [JavaByKiran | Log in]
at com.tests.LoginTest.test02(LoginTest.java:30)
... Removed 35 stack frames]]>
    </failure>
  </testcase> <!-- test02 -->
  <testcase name="test03" time="0.001" classname="com.tests.LoginTest">
    <skipped/>
  </testcase> <!-- test03 -->
</testsuite> <!-- Test -->
